[0m14:49:44.927085 [debug] [MainThread]: Sending event: {'category': 'dbt', 'action': 'invocation', 'label': 'start', 'context': [<snowplow_tracker.self_describing_json.SelfDescribingJson object at 0x10561bb20>, <snowplow_tracker.self_describing_json.SelfDescribingJson object at 0x107c7acb0>, <snowplow_tracker.self_describing_json.SelfDescribingJson object at 0x107c7ad70>]}


============================== 14:49:44.929953 | 52b6f584-f38f-429d-b344-be4863a8bcb1 ==============================
[0m14:49:44.929953 [info ] [MainThread]: Running with dbt=1.7.8
[0m14:49:44.930316 [debug] [MainThread]: running dbt with arguments {'printer_width': '80', 'indirect_selection': 'eager', 'write_json': 'True', 'log_cache_events': 'False', 'partial_parse': 'True', 'cache_selected_only': 'False', 'profiles_dir': '/Users/julien.muller/.dbt', 'fail_fast': 'False', 'warn_error': 'None', 'log_path': 'logs', 'debug': 'False', 'version_check': 'True', 'use_colors': 'True', 'use_experimental_parser': 'False', 'no_print': 'None', 'quiet': 'False', 'log_format': 'default', 'static_parser': 'True', 'warn_error_options': 'WarnErrorOptions(include=[], exclude=[])', 'invocation_command': 'dbt init', 'target_path': 'None', 'introspect': 'True', 'send_anonymous_usage_stats': 'True'}
[0m14:49:44.930684 [warn ] [MainThread]: [ConfigFolderDirectory]: Unable to parse dict {'dir': PosixPath('/Users/julien.muller/.dbt')}
[0m14:49:44.930894 [info ] [MainThread]: Creating dbt configuration folder at 
[0m14:49:44.931137 [error] [MainThread]: Encountered an error:
[Errno 17] File exists: '/Users/julien.muller/.dbt'
[0m14:49:44.933580 [error] [MainThread]: Traceback (most recent call last):
  File "/Users/julien.muller/.virtualenvs/de-zoomcamp/lib/python3.10/site-packages/dbt/cli/requires.py", line 91, in wrapper
    result, success = func(*args, **kwargs)
  File "/Users/julien.muller/.virtualenvs/de-zoomcamp/lib/python3.10/site-packages/dbt/cli/requires.py", line 76, in wrapper
    return func(*args, **kwargs)
  File "/Users/julien.muller/.virtualenvs/de-zoomcamp/lib/python3.10/site-packages/dbt/cli/main.py", line 515, in init
    results = task.run()
  File "/Users/julien.muller/.virtualenvs/de-zoomcamp/lib/python3.10/site-packages/dbt/task/init.py", line 298, in run
    self.create_profiles_dir(profiles_dir)
  File "/Users/julien.muller/.virtualenvs/de-zoomcamp/lib/python3.10/site-packages/dbt/task/init.py", line 71, in create_profiles_dir
    dbt.clients.system.make_directory(profiles_dir)
  File "/opt/homebrew/Cellar/python@3.10/3.10.13_2/Frameworks/Python.framework/Versions/3.10/lib/python3.10/functools.py", line 889, in wrapper
    return dispatch(args[0].__class__)(*args, **kw)
  File "/Users/julien.muller/.virtualenvs/de-zoomcamp/lib/python3.10/site-packages/dbt/clients/system.py", line 133, in _
    path.mkdir(parents=True, exist_ok=True)
  File "/opt/homebrew/Cellar/python@3.10/3.10.13_2/Frameworks/Python.framework/Versions/3.10/lib/python3.10/pathlib.py", line 1175, in mkdir
    self._accessor.mkdir(self, mode)
FileExistsError: [Errno 17] File exists: '/Users/julien.muller/.dbt'

[0m14:49:44.956148 [debug] [MainThread]: Resource report: {"command_name": "init", "command_wall_clock_time": 0.04901954, "process_user_time": 1.046028, "process_kernel_time": 0.143564, "process_mem_max_rss": "104759296", "command_success": false, "process_in_blocks": "0", "process_out_blocks": "0"}
[0m14:49:44.957177 [debug] [MainThread]: Command `dbt init` failed at 14:49:44.956899 after 0.05 seconds
[0m14:49:44.957755 [debug] [MainThread]: Sending event: {'category': 'dbt', 'action': 'invocation', 'label': 'end', 'context': [<snowplow_tracker.self_describing_json.SelfDescribingJson object at 0x10561bb20>, <snowplow_tracker.self_describing_json.SelfDescribingJson object at 0x107c7b310>, <snowplow_tracker.self_describing_json.SelfDescribingJson object at 0x107c7ac50>]}
[0m14:49:44.958334 [debug] [MainThread]: Flushing usage events
[0m14:50:37.120916 [debug] [MainThread]: Sending event: {'category': 'dbt', 'action': 'invocation', 'label': 'start', 'context': [<snowplow_tracker.self_describing_json.SelfDescribingJson object at 0x105e6f8b0>, <snowplow_tracker.self_describing_json.SelfDescribingJson object at 0x10847ed40>, <snowplow_tracker.self_describing_json.SelfDescribingJson object at 0x10847ee00>]}


============================== 14:50:37.123748 | bc0ee543-1688-4c5f-8c00-1ff35d553853 ==============================
[0m14:50:37.123748 [info ] [MainThread]: Running with dbt=1.7.8
[0m14:50:37.124124 [debug] [MainThread]: running dbt with arguments {'printer_width': '80', 'indirect_selection': 'eager', 'log_cache_events': 'False', 'write_json': 'True', 'partial_parse': 'True', 'cache_selected_only': 'False', 'profiles_dir': '/Users/julien.muller/.dbt', 'version_check': 'True', 'debug': 'False', 'log_path': 'logs', 'fail_fast': 'False', 'warn_error': 'None', 'use_colors': 'True', 'use_experimental_parser': 'False', 'no_print': 'None', 'quiet': 'False', 'log_format': 'default', 'invocation_command': 'dbt debug', 'warn_error_options': 'WarnErrorOptions(include=[], exclude=[])', 'static_parser': 'True', 'target_path': 'None', 'introspect': 'True', 'send_anonymous_usage_stats': 'True'}
[0m14:50:37.124528 [info ] [MainThread]: dbt version: 1.7.8
[0m14:50:37.124734 [info ] [MainThread]: python version: 3.10.13
[0m14:50:37.124928 [info ] [MainThread]: python path: /Users/julien.muller/.virtualenvs/de-zoomcamp/bin/python
[0m14:50:37.125120 [info ] [MainThread]: os info: macOS-14.3.1-arm64-arm-64bit
[0m14:50:37.125338 [info ] [MainThread]: Using profiles dir at /Users/julien.muller/.dbt
[0m14:50:37.125532 [info ] [MainThread]: Using profiles.yml file at /Users/julien.muller/.dbt/profiles.yml
[0m14:50:37.125731 [info ] [MainThread]: Using dbt_project.yml file at /Users/julien.muller/Documents/de-zoomcamp/project/homework/04-analytics-engineering/dbt_project.yml
[0m14:50:37.125929 [info ] [MainThread]: Configuration:
[0m14:50:37.126119 [info ] [MainThread]:   profiles.yml file [[31mERROR not found[0m]
[0m14:50:37.126307 [info ] [MainThread]:   dbt_project.yml file [[31mERROR not found[0m]
[0m14:50:37.126494 [info ] [MainThread]: Required dependencies:
[0m14:50:37.126729 [debug] [MainThread]: Executing "git --help"
[0m14:50:37.141758 [debug] [MainThread]: STDOUT: "b"usage: git [-v | --version] [-h | --help] [-C <path>] [-c <name>=<value>]\n           [--exec-path[=<path>]] [--html-path] [--man-path] [--info-path]\n           [-p | --paginate | -P | --no-pager] [--no-replace-objects] [--bare]\n           [--git-dir=<path>] [--work-tree=<path>] [--namespace=<name>]\n           [--super-prefix=<path>] [--config-env=<name>=<envvar>]\n           <command> [<args>]\n\nThese are common Git commands used in various situations:\n\nstart a working area (see also: git help tutorial)\n   clone     Clone a repository into a new directory\n   init      Create an empty Git repository or reinitialize an existing one\n\nwork on the current change (see also: git help everyday)\n   add       Add file contents to the index\n   mv        Move or rename a file, a directory, or a symlink\n   restore   Restore working tree files\n   rm        Remove files from the working tree and from the index\n\nexamine the history and state (see also: git help revisions)\n   bisect    Use binary search to find the commit that introduced a bug\n   diff      Show changes between commits, commit and working tree, etc\n   grep      Print lines matching a pattern\n   log       Show commit logs\n   show      Show various types of objects\n   status    Show the working tree status\n\ngrow, mark and tweak your common history\n   branch    List, create, or delete branches\n   commit    Record changes to the repository\n   merge     Join two or more development histories together\n   rebase    Reapply commits on top of another base tip\n   reset     Reset current HEAD to the specified state\n   switch    Switch branches\n   tag       Create, list, delete or verify a tag object signed with GPG\n\ncollaborate (see also: git help workflows)\n   fetch     Download objects and refs from another repository\n   pull      Fetch from and integrate with another repository or a local branch\n   push      Update remote refs along with associated objects\n\n'git help -a' and 'git help -g' list available subcommands and some\nconcept guides. See 'git help <command>' or 'git help <concept>'\nto read about a specific subcommand or concept.\nSee 'git help git' for an overview of the system.\n""
[0m14:50:37.142311 [debug] [MainThread]: STDERR: "b''"
[0m14:50:37.142554 [info ] [MainThread]:  - git [[32mOK found[0m]

[0m14:50:37.142777 [info ] [MainThread]: Connection test skipped since no profile was found
[0m14:50:37.143006 [info ] [MainThread]: [31m2 checks failed:[0m
[0m14:50:37.143202 [info ] [MainThread]: dbt looked for a profiles.yml file in /Users/julien.muller/.dbt/profiles.yml, but did
not find one. For more information on configuring your profile, consult the
documentation:

https://docs.getdbt.com/docs/configure-your-profile


[0m14:50:37.143406 [info ] [MainThread]: Project loading failed for the following reason:
 project path </Users/julien.muller/Documents/de-zoomcamp/project/homework/04-analytics-engineering/dbt_project.yml> not found

[0m14:50:37.145054 [debug] [MainThread]: Resource report: {"command_name": "debug", "command_wall_clock_time": 0.035715915, "process_user_time": 1.040468, "process_kernel_time": 0.120642, "process_mem_max_rss": "103710720", "command_success": false, "process_in_blocks": "0", "process_out_blocks": "0"}
[0m14:50:37.145449 [debug] [MainThread]: Command `dbt debug` failed at 14:50:37.145358 after 0.04 seconds
[0m14:50:37.145731 [debug] [MainThread]: Sending event: {'category': 'dbt', 'action': 'invocation', 'label': 'end', 'context': [<snowplow_tracker.self_describing_json.SelfDescribingJson object at 0x105e6f8b0>, <snowplow_tracker.self_describing_json.SelfDescribingJson object at 0x10847ecb0>, <snowplow_tracker.self_describing_json.SelfDescribingJson object at 0x10847f760>]}
[0m14:50:37.145994 [debug] [MainThread]: Flushing usage events
[0m14:56:38.602803 [debug] [MainThread]: Sending event: {'category': 'dbt', 'action': 'invocation', 'label': 'start', 'context': [<snowplow_tracker.self_describing_json.SelfDescribingJson object at 0x105363b20>, <snowplow_tracker.self_describing_json.SelfDescribingJson object at 0x10745ed40>, <snowplow_tracker.self_describing_json.SelfDescribingJson object at 0x10745ee30>]}


============================== 14:56:38.608695 | d5a173b2-8678-4fc2-9934-a6062bff234a ==============================
[0m14:56:38.608695 [info ] [MainThread]: Running with dbt=1.7.8
[0m14:56:38.609074 [debug] [MainThread]: running dbt with arguments {'printer_width': '80', 'indirect_selection': 'eager', 'log_cache_events': 'False', 'write_json': 'True', 'partial_parse': 'True', 'cache_selected_only': 'False', 'profiles_dir': '/Users/julien.muller/.dbt', 'version_check': 'True', 'warn_error': 'None', 'log_path': 'logs', 'fail_fast': 'False', 'debug': 'False', 'use_colors': 'True', 'use_experimental_parser': 'False', 'no_print': 'None', 'quiet': 'False', 'log_format': 'default', 'static_parser': 'True', 'warn_error_options': 'WarnErrorOptions(include=[], exclude=[])', 'introspect': 'True', 'target_path': 'None', 'invocation_command': 'dbt debug', 'send_anonymous_usage_stats': 'True'}
[0m14:56:38.609490 [info ] [MainThread]: dbt version: 1.7.8
[0m14:56:38.609703 [info ] [MainThread]: python version: 3.10.13
[0m14:56:38.609903 [info ] [MainThread]: python path: /Users/julien.muller/.virtualenvs/de-zoomcamp/bin/python
[0m14:56:38.610106 [info ] [MainThread]: os info: macOS-14.3.1-arm64-arm-64bit
[0m14:56:38.610477 [error] [MainThread]: Encountered an error:
Runtime Error
  Syntax error near line 3
  ------------------------------
  1  | ~/Documents/secrets/personal-gcp.json/eighth-veld-411323-8a0d542a0598.json
  2  | 
  3  |   bq-dbt-workshop:
  4  |     outputs:
  5  |       dev:
  6  |         dataset: taxi_rides_ny
  
  Raw Error:
  ------------------------------
  mapping values are not allowed in this context
    in "<unicode string>", line 3, column 18
[0m14:56:38.612044 [debug] [MainThread]: Resource report: {"command_name": "debug", "command_wall_clock_time": 0.03217833, "process_user_time": 1.041518, "process_kernel_time": 0.100514, "process_mem_max_rss": "104169472", "command_success": false, "process_in_blocks": "0", "process_out_blocks": "0"}
[0m14:56:38.612465 [debug] [MainThread]: Command `dbt debug` failed at 14:56:38.612368 after 0.03 seconds
[0m14:56:38.612710 [debug] [MainThread]: Sending event: {'category': 'dbt', 'action': 'invocation', 'label': 'end', 'context': [<snowplow_tracker.self_describing_json.SelfDescribingJson object at 0x105363b20>, <snowplow_tracker.self_describing_json.SelfDescribingJson object at 0x10745eec0>, <snowplow_tracker.self_describing_json.SelfDescribingJson object at 0x10745f040>]}
[0m14:56:38.612951 [debug] [MainThread]: Flushing usage events
[0m14:56:57.928016 [debug] [MainThread]: Sending event: {'category': 'dbt', 'action': 'invocation', 'label': 'start', 'context': [<snowplow_tracker.self_describing_json.SelfDescribingJson object at 0x1054cb8e0>, <snowplow_tracker.self_describing_json.SelfDescribingJson object at 0x10766bd00>, <snowplow_tracker.self_describing_json.SelfDescribingJson object at 0x10766bbb0>]}


============================== 14:56:57.930975 | bbb20d6a-b4e8-42ab-b7c9-1a8b23f6badd ==============================
[0m14:56:57.930975 [info ] [MainThread]: Running with dbt=1.7.8
[0m14:56:57.931363 [debug] [MainThread]: running dbt with arguments {'printer_width': '80', 'indirect_selection': 'eager', 'write_json': 'True', 'log_cache_events': 'False', 'partial_parse': 'True', 'cache_selected_only': 'False', 'profiles_dir': '/Users/julien.muller/.dbt', 'fail_fast': 'False', 'version_check': 'True', 'log_path': 'logs', 'debug': 'False', 'warn_error': 'None', 'use_colors': 'True', 'use_experimental_parser': 'False', 'no_print': 'None', 'quiet': 'False', 'log_format': 'default', 'invocation_command': 'dbt debug', 'introspect': 'True', 'warn_error_options': 'WarnErrorOptions(include=[], exclude=[])', 'target_path': 'None', 'static_parser': 'True', 'send_anonymous_usage_stats': 'True'}
[0m14:56:57.931799 [info ] [MainThread]: dbt version: 1.7.8
[0m14:56:57.932014 [info ] [MainThread]: python version: 3.10.13
[0m14:56:57.932227 [info ] [MainThread]: python path: /Users/julien.muller/.virtualenvs/de-zoomcamp/bin/python
[0m14:56:57.932423 [info ] [MainThread]: os info: macOS-14.3.1-arm64-arm-64bit
[0m14:56:57.933322 [info ] [MainThread]: target not specified in profile 'bq-dbt-workshop', using 'default'
[0m14:56:57.933620 [info ] [MainThread]: Using profiles dir at /Users/julien.muller/.dbt
[0m14:56:57.933821 [info ] [MainThread]: Using profiles.yml file at /Users/julien.muller/.dbt/profiles.yml
[0m14:56:57.934026 [info ] [MainThread]: Using dbt_project.yml file at /Users/julien.muller/Documents/de-zoomcamp/project/homework/04-analytics-engineering/dbt_project.yml
[0m14:56:57.934234 [info ] [MainThread]: Configuration:
[0m14:56:57.934433 [info ] [MainThread]:   profiles.yml file [[31mERROR invalid[0m]
[0m14:56:57.934621 [info ] [MainThread]:   dbt_project.yml file [[31mERROR not found[0m]
[0m14:56:57.934814 [info ] [MainThread]: Required dependencies:
[0m14:56:57.935043 [debug] [MainThread]: Executing "git --help"
[0m14:56:57.960804 [debug] [MainThread]: STDOUT: "b"usage: git [-v | --version] [-h | --help] [-C <path>] [-c <name>=<value>]\n           [--exec-path[=<path>]] [--html-path] [--man-path] [--info-path]\n           [-p | --paginate | -P | --no-pager] [--no-replace-objects] [--bare]\n           [--git-dir=<path>] [--work-tree=<path>] [--namespace=<name>]\n           [--super-prefix=<path>] [--config-env=<name>=<envvar>]\n           <command> [<args>]\n\nThese are common Git commands used in various situations:\n\nstart a working area (see also: git help tutorial)\n   clone     Clone a repository into a new directory\n   init      Create an empty Git repository or reinitialize an existing one\n\nwork on the current change (see also: git help everyday)\n   add       Add file contents to the index\n   mv        Move or rename a file, a directory, or a symlink\n   restore   Restore working tree files\n   rm        Remove files from the working tree and from the index\n\nexamine the history and state (see also: git help revisions)\n   bisect    Use binary search to find the commit that introduced a bug\n   diff      Show changes between commits, commit and working tree, etc\n   grep      Print lines matching a pattern\n   log       Show commit logs\n   show      Show various types of objects\n   status    Show the working tree status\n\ngrow, mark and tweak your common history\n   branch    List, create, or delete branches\n   commit    Record changes to the repository\n   merge     Join two or more development histories together\n   rebase    Reapply commits on top of another base tip\n   reset     Reset current HEAD to the specified state\n   switch    Switch branches\n   tag       Create, list, delete or verify a tag object signed with GPG\n\ncollaborate (see also: git help workflows)\n   fetch     Download objects and refs from another repository\n   pull      Fetch from and integrate with another repository or a local branch\n   push      Update remote refs along with associated objects\n\n'git help -a' and 'git help -g' list available subcommands and some\nconcept guides. See 'git help <command>' or 'git help <concept>'\nto read about a specific subcommand or concept.\nSee 'git help git' for an overview of the system.\n""
[0m14:56:57.961630 [debug] [MainThread]: STDERR: "b''"
[0m14:56:57.962253 [info ] [MainThread]:  - git [[32mOK found[0m]

[0m14:56:57.962514 [info ] [MainThread]: Connection test skipped since no profile was found
[0m14:56:57.963036 [info ] [MainThread]: [31m2 checks failed:[0m
[0m14:56:57.963323 [info ] [MainThread]: Could not load dbt_project.yml
Profile loading failed for the following reason:
Runtime Error
  The profile 'bq-dbt-workshop' does not have a target named 'default'. The valid target names for this profile are:
   - dev
   - target


[0m14:56:57.963956 [info ] [MainThread]: Project loading failed for the following reason:
 project path </Users/julien.muller/Documents/de-zoomcamp/project/homework/04-analytics-engineering/dbt_project.yml> not found

[0m14:56:57.966362 [debug] [MainThread]: Resource report: {"command_name": "debug", "command_wall_clock_time": 0.07040517, "process_user_time": 1.05614, "process_kernel_time": 0.125128, "process_mem_max_rss": "106512384", "command_success": false, "process_in_blocks": "0", "process_out_blocks": "0"}
[0m14:56:57.967286 [debug] [MainThread]: Command `dbt debug` failed at 14:56:57.967111 after 0.07 seconds
[0m14:56:57.967651 [debug] [MainThread]: Sending event: {'category': 'dbt', 'action': 'invocation', 'label': 'end', 'context': [<snowplow_tracker.self_describing_json.SelfDescribingJson object at 0x1054cb8e0>, <snowplow_tracker.self_describing_json.SelfDescribingJson object at 0x10766b700>, <snowplow_tracker.self_describing_json.SelfDescribingJson object at 0x10766b9d0>]}
[0m14:56:57.967978 [debug] [MainThread]: Flushing usage events
[0m14:57:25.493091 [debug] [MainThread]: Sending event: {'category': 'dbt', 'action': 'invocation', 'label': 'start', 'context': [<snowplow_tracker.self_describing_json.SelfDescribingJson object at 0x106c7bb20>, <snowplow_tracker.self_describing_json.SelfDescribingJson object at 0x108e1bd00>, <snowplow_tracker.self_describing_json.SelfDescribingJson object at 0x108e1bbb0>]}


============================== 14:57:25.495980 | 80edca40-20d7-438f-a28b-471559b6a8b8 ==============================
[0m14:57:25.495980 [info ] [MainThread]: Running with dbt=1.7.8
[0m14:57:25.496351 [debug] [MainThread]: running dbt with arguments {'printer_width': '80', 'indirect_selection': 'eager', 'log_cache_events': 'False', 'write_json': 'True', 'partial_parse': 'True', 'cache_selected_only': 'False', 'warn_error': 'None', 'fail_fast': 'False', 'debug': 'False', 'log_path': 'logs', 'profiles_dir': '/Users/julien.muller/.dbt', 'version_check': 'True', 'use_colors': 'True', 'use_experimental_parser': 'False', 'no_print': 'None', 'quiet': 'False', 'log_format': 'default', 'static_parser': 'True', 'invocation_command': 'dbt debug', 'introspect': 'True', 'target_path': 'None', 'warn_error_options': 'WarnErrorOptions(include=[], exclude=[])', 'send_anonymous_usage_stats': 'True'}
[0m14:57:25.496779 [info ] [MainThread]: dbt version: 1.7.8
[0m14:57:25.496976 [info ] [MainThread]: python version: 3.10.13
[0m14:57:25.497172 [info ] [MainThread]: python path: /Users/julien.muller/.virtualenvs/de-zoomcamp/bin/python
[0m14:57:25.497360 [info ] [MainThread]: os info: macOS-14.3.1-arm64-arm-64bit
[0m14:57:26.276899 [info ] [MainThread]: Using profiles dir at /Users/julien.muller/.dbt
[0m14:57:26.277246 [info ] [MainThread]: Using profiles.yml file at /Users/julien.muller/.dbt/profiles.yml
[0m14:57:26.277463 [info ] [MainThread]: Using dbt_project.yml file at /Users/julien.muller/Documents/de-zoomcamp/project/homework/04-analytics-engineering/dbt_project.yml
[0m14:57:26.277834 [info ] [MainThread]: adapter type: bigquery
[0m14:57:26.278030 [info ] [MainThread]: adapter version: 1.7.6
[0m14:57:26.278218 [info ] [MainThread]: Configuration:
[0m14:57:26.278399 [info ] [MainThread]:   profiles.yml file [[32mOK found and valid[0m]
[0m14:57:26.278583 [info ] [MainThread]:   dbt_project.yml file [[31mERROR not found[0m]
[0m14:57:26.278761 [info ] [MainThread]: Required dependencies:
[0m14:57:26.278983 [debug] [MainThread]: Executing "git --help"
[0m14:57:26.304035 [debug] [MainThread]: STDOUT: "b"usage: git [-v | --version] [-h | --help] [-C <path>] [-c <name>=<value>]\n           [--exec-path[=<path>]] [--html-path] [--man-path] [--info-path]\n           [-p | --paginate | -P | --no-pager] [--no-replace-objects] [--bare]\n           [--git-dir=<path>] [--work-tree=<path>] [--namespace=<name>]\n           [--super-prefix=<path>] [--config-env=<name>=<envvar>]\n           <command> [<args>]\n\nThese are common Git commands used in various situations:\n\nstart a working area (see also: git help tutorial)\n   clone     Clone a repository into a new directory\n   init      Create an empty Git repository or reinitialize an existing one\n\nwork on the current change (see also: git help everyday)\n   add       Add file contents to the index\n   mv        Move or rename a file, a directory, or a symlink\n   restore   Restore working tree files\n   rm        Remove files from the working tree and from the index\n\nexamine the history and state (see also: git help revisions)\n   bisect    Use binary search to find the commit that introduced a bug\n   diff      Show changes between commits, commit and working tree, etc\n   grep      Print lines matching a pattern\n   log       Show commit logs\n   show      Show various types of objects\n   status    Show the working tree status\n\ngrow, mark and tweak your common history\n   branch    List, create, or delete branches\n   commit    Record changes to the repository\n   merge     Join two or more development histories together\n   rebase    Reapply commits on top of another base tip\n   reset     Reset current HEAD to the specified state\n   switch    Switch branches\n   tag       Create, list, delete or verify a tag object signed with GPG\n\ncollaborate (see also: git help workflows)\n   fetch     Download objects and refs from another repository\n   pull      Fetch from and integrate with another repository or a local branch\n   push      Update remote refs along with associated objects\n\n'git help -a' and 'git help -g' list available subcommands and some\nconcept guides. See 'git help <command>' or 'git help <concept>'\nto read about a specific subcommand or concept.\nSee 'git help git' for an overview of the system.\n""
[0m14:57:26.304722 [debug] [MainThread]: STDERR: "b''"
[0m14:57:26.305048 [info ] [MainThread]:  - git [[32mOK found[0m]

[0m14:57:26.305283 [info ] [MainThread]: Connection:
[0m14:57:26.305550 [info ] [MainThread]:   method: service-account
[0m14:57:26.305757 [info ] [MainThread]:   database: eighth-veld-411323
[0m14:57:26.305953 [info ] [MainThread]:   execution_project: eighth-veld-411323
[0m14:57:26.306150 [info ] [MainThread]:   schema: taxi_rides_ny
[0m14:57:26.306356 [info ] [MainThread]:   location: US
[0m14:57:26.306547 [info ] [MainThread]:   priority: interactive
[0m14:57:26.306739 [info ] [MainThread]:   maximum_bytes_billed: None
[0m14:57:26.306931 [info ] [MainThread]:   impersonate_service_account: None
[0m14:57:26.307276 [info ] [MainThread]:   job_retry_deadline_seconds: None
[0m14:57:26.307556 [info ] [MainThread]:   job_retries: 1
[0m14:57:26.307788 [info ] [MainThread]:   job_creation_timeout_seconds: None
[0m14:57:26.308009 [info ] [MainThread]:   job_execution_timeout_seconds: 300
[0m14:57:26.308218 [info ] [MainThread]:   keyfile: ~/Documents/secrets/personal-gcp.json/eighth-veld-411323-8a0d542a0598.json
[0m14:57:26.308416 [info ] [MainThread]:   timeout_seconds: 300
[0m14:57:26.308606 [info ] [MainThread]:   client_id: None
[0m14:57:26.308791 [info ] [MainThread]:   token_uri: None
[0m14:57:26.308977 [info ] [MainThread]:   dataproc_region: None
[0m14:57:26.309160 [info ] [MainThread]:   dataproc_cluster_name: None
[0m14:57:26.309344 [info ] [MainThread]:   gcs_bucket: None
[0m14:57:26.309527 [info ] [MainThread]:   dataproc_batch: None
[0m14:57:26.309961 [info ] [MainThread]: Registered adapter: bigquery=1.7.6
[0m14:57:26.316588 [debug] [MainThread]: Acquiring new bigquery connection 'debug'
[0m14:57:26.317409 [debug] [MainThread]: Opening a new connection, currently in state init
[0m14:57:26.317840 [debug] [MainThread]: BigQuery adapter: Got an error when attempting to create a bigquery client: '[Errno 2] No such file or directory: '~/Documents/secrets/personal-gcp.json/eighth-veld-411323-8a0d542a0598.json''
[0m14:57:26.318214 [info ] [MainThread]:   Connection test: [[31mERROR[0m]

[0m14:57:26.318474 [info ] [MainThread]: [31m2 checks failed:[0m
[0m14:57:26.318681 [info ] [MainThread]: Project loading failed for the following reason:
 project path </Users/julien.muller/Documents/de-zoomcamp/project/homework/04-analytics-engineering/dbt_project.yml> not found

[0m14:57:26.318893 [info ] [MainThread]: dbt was unable to connect to the specified database.
The database returned the following error:

  >Database Error
  [Errno 2] No such file or directory: '~/Documents/secrets/personal-gcp.json/eighth-veld-411323-8a0d542a0598.json'

Check your database credentials and try again. For more information, visit:
https://docs.getdbt.com/docs/configure-your-profile


[0m14:57:26.321047 [debug] [MainThread]: Resource report: {"command_name": "debug", "command_wall_clock_time": 0.8611405, "process_user_time": 3.122357, "process_kernel_time": 0.522672, "process_mem_max_rss": "179437568", "command_success": false, "process_in_blocks": "0", "process_out_blocks": "0"}
[0m14:57:26.321554 [debug] [MainThread]: Command `dbt debug` failed at 14:57:26.321459 after 0.86 seconds
[0m14:57:26.321836 [debug] [MainThread]: Connection 'debug' was properly closed.
[0m14:57:26.322099 [debug] [MainThread]: Sending event: {'category': 'dbt', 'action': 'invocation', 'label': 'end', 'context': [<snowplow_tracker.self_describing_json.SelfDescribingJson object at 0x106c7bb20>, <snowplow_tracker.self_describing_json.SelfDescribingJson object at 0x12a5b6710>, <snowplow_tracker.self_describing_json.SelfDescribingJson object at 0x12a5b7460>]}
[0m14:57:26.322416 [debug] [MainThread]: Flushing usage events
[0m14:59:27.148114 [debug] [MainThread]: Sending event: {'category': 'dbt', 'action': 'invocation', 'label': 'start', 'context': [<snowplow_tracker.self_describing_json.SelfDescribingJson object at 0x1076e98d0>, <snowplow_tracker.self_describing_json.SelfDescribingJson object at 0x10988bd00>, <snowplow_tracker.self_describing_json.SelfDescribingJson object at 0x10988bbb0>]}


============================== 14:59:27.151031 | 3054b571-b62e-41ea-aaa7-66f7b2124c59 ==============================
[0m14:59:27.151031 [info ] [MainThread]: Running with dbt=1.7.8
[0m14:59:27.151403 [debug] [MainThread]: running dbt with arguments {'printer_width': '80', 'indirect_selection': 'eager', 'log_cache_events': 'False', 'write_json': 'True', 'partial_parse': 'True', 'cache_selected_only': 'False', 'profiles_dir': '/Users/julien.muller/.dbt', 'version_check': 'True', 'debug': 'False', 'log_path': 'logs', 'fail_fast': 'False', 'warn_error': 'None', 'use_colors': 'True', 'use_experimental_parser': 'False', 'no_print': 'None', 'quiet': 'False', 'log_format': 'default', 'introspect': 'True', 'invocation_command': 'dbt debug', 'warn_error_options': 'WarnErrorOptions(include=[], exclude=[])', 'target_path': 'None', 'static_parser': 'True', 'send_anonymous_usage_stats': 'True'}
[0m14:59:27.151833 [info ] [MainThread]: dbt version: 1.7.8
[0m14:59:27.152034 [info ] [MainThread]: python version: 3.10.13
[0m14:59:27.152233 [info ] [MainThread]: python path: /Users/julien.muller/.virtualenvs/de-zoomcamp/bin/python
[0m14:59:27.152430 [info ] [MainThread]: os info: macOS-14.3.1-arm64-arm-64bit
[0m14:59:27.875324 [info ] [MainThread]: Using profiles dir at /Users/julien.muller/.dbt
[0m14:59:27.875678 [info ] [MainThread]: Using profiles.yml file at /Users/julien.muller/.dbt/profiles.yml
[0m14:59:27.875897 [info ] [MainThread]: Using dbt_project.yml file at /Users/julien.muller/Documents/de-zoomcamp/project/homework/04-analytics-engineering/dbt_project.yml
[0m14:59:27.876404 [info ] [MainThread]: adapter type: bigquery
[0m14:59:27.876644 [info ] [MainThread]: adapter version: 1.7.6
[0m14:59:27.876852 [info ] [MainThread]: Configuration:
[0m14:59:27.877041 [info ] [MainThread]:   profiles.yml file [[32mOK found and valid[0m]
[0m14:59:27.877228 [info ] [MainThread]:   dbt_project.yml file [[31mERROR not found[0m]
[0m14:59:27.877413 [info ] [MainThread]: Required dependencies:
[0m14:59:27.877638 [debug] [MainThread]: Executing "git --help"
[0m14:59:27.894632 [debug] [MainThread]: STDOUT: "b"usage: git [-v | --version] [-h | --help] [-C <path>] [-c <name>=<value>]\n           [--exec-path[=<path>]] [--html-path] [--man-path] [--info-path]\n           [-p | --paginate | -P | --no-pager] [--no-replace-objects] [--bare]\n           [--git-dir=<path>] [--work-tree=<path>] [--namespace=<name>]\n           [--super-prefix=<path>] [--config-env=<name>=<envvar>]\n           <command> [<args>]\n\nThese are common Git commands used in various situations:\n\nstart a working area (see also: git help tutorial)\n   clone     Clone a repository into a new directory\n   init      Create an empty Git repository or reinitialize an existing one\n\nwork on the current change (see also: git help everyday)\n   add       Add file contents to the index\n   mv        Move or rename a file, a directory, or a symlink\n   restore   Restore working tree files\n   rm        Remove files from the working tree and from the index\n\nexamine the history and state (see also: git help revisions)\n   bisect    Use binary search to find the commit that introduced a bug\n   diff      Show changes between commits, commit and working tree, etc\n   grep      Print lines matching a pattern\n   log       Show commit logs\n   show      Show various types of objects\n   status    Show the working tree status\n\ngrow, mark and tweak your common history\n   branch    List, create, or delete branches\n   commit    Record changes to the repository\n   merge     Join two or more development histories together\n   rebase    Reapply commits on top of another base tip\n   reset     Reset current HEAD to the specified state\n   switch    Switch branches\n   tag       Create, list, delete or verify a tag object signed with GPG\n\ncollaborate (see also: git help workflows)\n   fetch     Download objects and refs from another repository\n   pull      Fetch from and integrate with another repository or a local branch\n   push      Update remote refs along with associated objects\n\n'git help -a' and 'git help -g' list available subcommands and some\nconcept guides. See 'git help <command>' or 'git help <concept>'\nto read about a specific subcommand or concept.\nSee 'git help git' for an overview of the system.\n""
[0m14:59:27.895209 [debug] [MainThread]: STDERR: "b''"
[0m14:59:27.895524 [info ] [MainThread]:  - git [[32mOK found[0m]

[0m14:59:27.895771 [info ] [MainThread]: Connection:
[0m14:59:27.896037 [info ] [MainThread]:   method: service-account
[0m14:59:27.896228 [info ] [MainThread]:   database: eighth-veld-411323
[0m14:59:27.896413 [info ] [MainThread]:   execution_project: eighth-veld-411323
[0m14:59:27.896597 [info ] [MainThread]:   schema: taxi_trips_all
[0m14:59:27.896780 [info ] [MainThread]:   location: US
[0m14:59:27.896961 [info ] [MainThread]:   priority: interactive
[0m14:59:27.897147 [info ] [MainThread]:   maximum_bytes_billed: None
[0m14:59:27.897333 [info ] [MainThread]:   impersonate_service_account: None
[0m14:59:27.897515 [info ] [MainThread]:   job_retry_deadline_seconds: None
[0m14:59:27.897697 [info ] [MainThread]:   job_retries: 1
[0m14:59:27.897879 [info ] [MainThread]:   job_creation_timeout_seconds: None
[0m14:59:27.898064 [info ] [MainThread]:   job_execution_timeout_seconds: 300
[0m14:59:27.898260 [info ] [MainThread]:   keyfile: /Users/julien.muller/Documents/secrets/personal-gcp.json/eighth-veld-411323-8a0d542a0598.json
[0m14:59:27.898450 [info ] [MainThread]:   timeout_seconds: 300
[0m14:59:27.898630 [info ] [MainThread]:   client_id: None
[0m14:59:27.898809 [info ] [MainThread]:   token_uri: None
[0m14:59:27.898989 [info ] [MainThread]:   dataproc_region: None
[0m14:59:27.899170 [info ] [MainThread]:   dataproc_cluster_name: None
[0m14:59:27.899353 [info ] [MainThread]:   gcs_bucket: None
[0m14:59:27.899532 [info ] [MainThread]:   dataproc_batch: None
[0m14:59:27.899859 [info ] [MainThread]: Registered adapter: bigquery=1.7.6
[0m14:59:27.905125 [debug] [MainThread]: Acquiring new bigquery connection 'debug'
[0m14:59:27.905748 [debug] [MainThread]: Opening a new connection, currently in state init
[0m14:59:27.907366 [debug] [MainThread]: On debug: select 1 as id
[0m14:59:28.521825 [debug] [MainThread]: BigQuery adapter: https://console.cloud.google.com/bigquery?project=eighth-veld-411323&j=bq:US:362cf19b-b08d-42b4-88cf-e793578f696e&page=queryresults
[0m14:59:29.258441 [info ] [MainThread]:   Connection test: [[32mOK connection ok[0m]

[0m14:59:29.259879 [info ] [MainThread]: [31m1 check failed:[0m
[0m14:59:29.260653 [info ] [MainThread]: Project loading failed for the following reason:
 project path </Users/julien.muller/Documents/de-zoomcamp/project/homework/04-analytics-engineering/dbt_project.yml> not found

[0m14:59:29.266549 [debug] [MainThread]: Resource report: {"command_name": "debug", "command_wall_clock_time": 2.1532388, "process_user_time": 3.295181, "process_kernel_time": 0.328479, "process_mem_max_rss": "184893440", "command_success": false, "process_in_blocks": "0", "process_out_blocks": "0"}
[0m14:59:29.267982 [debug] [MainThread]: Command `dbt debug` failed at 14:59:29.267707 after 2.15 seconds
[0m14:59:29.268723 [debug] [MainThread]: Connection 'debug' was properly closed.
[0m14:59:29.269384 [debug] [MainThread]: Sending event: {'category': 'dbt', 'action': 'invocation', 'label': 'end', 'context': [<snowplow_tracker.self_describing_json.SelfDescribingJson object at 0x1076e98d0>, <snowplow_tracker.self_describing_json.SelfDescribingJson object at 0x12b2b0700>, <snowplow_tracker.self_describing_json.SelfDescribingJson object at 0x12b2b3460>]}
[0m14:59:29.270135 [debug] [MainThread]: Flushing usage events
[0m14:59:35.851795 [debug] [MainThread]: Sending event: {'category': 'dbt', 'action': 'invocation', 'label': 'start', 'context': [<snowplow_tracker.self_describing_json.SelfDescribingJson object at 0x105a1a980>, <snowplow_tracker.self_describing_json.SelfDescribingJson object at 0x105243850>, <snowplow_tracker.self_describing_json.SelfDescribingJson object at 0x1108c9ba0>]}


============================== 14:59:35.856197 | ac09864e-d98b-4747-ad9e-05fcd76b0892 ==============================
[0m14:59:35.856197 [info ] [MainThread]: Running with dbt=1.7.8
[0m14:59:35.856642 [debug] [MainThread]: running dbt with arguments {'printer_width': '80', 'indirect_selection': 'eager', 'write_json': 'True', 'log_cache_events': 'False', 'partial_parse': 'True', 'cache_selected_only': 'False', 'profiles_dir': '/Users/julien.muller/.dbt', 'fail_fast': 'False', 'warn_error': 'None', 'log_path': 'logs', 'version_check': 'True', 'debug': 'False', 'use_colors': 'True', 'use_experimental_parser': 'False', 'no_print': 'None', 'quiet': 'False', 'warn_error_options': 'WarnErrorOptions(include=[], exclude=[])', 'invocation_command': 'dbt init', 'introspect': 'True', 'log_format': 'default', 'target_path': 'None', 'static_parser': 'True', 'send_anonymous_usage_stats': 'True'}
[0m14:59:43.198989 [debug] [MainThread]: Starter project path: /Users/julien.muller/.virtualenvs/de-zoomcamp/lib/python3.10/site-packages/dbt/include/starter_project
[0m14:59:43.215525 [info ] [MainThread]: 
Your new dbt project "taxi_rides_ny" was created!

For more information on how to configure the profiles.yml file,
please consult the dbt documentation here:

  https://docs.getdbt.com/docs/configure-your-profile

One more thing:

Need help? Don't hesitate to reach out to us via GitHub issues or on Slack:

  https://community.getdbt.com/

Happy modeling!

[0m14:59:43.217032 [info ] [MainThread]: Setting up your profile.
[0m15:00:26.780669 [info ] [MainThread]: Profile taxi_rides_ny written to /Users/julien.muller/.dbt/profiles.yml using target's profile_template.yml and your supplied values. Run 'dbt debug' to validate the connection.
[0m15:00:26.789069 [debug] [MainThread]: Resource report: {"command_name": "init", "command_success": true, "command_wall_clock_time": 50.98212, "process_user_time": 3.15282, "process_kernel_time": 0.358605, "process_mem_max_rss": "172113920", "process_in_blocks": "0", "process_out_blocks": "0"}
[0m15:00:26.790833 [debug] [MainThread]: Command `dbt init` succeeded at 15:00:26.790525 after 50.98 seconds
[0m15:00:26.791898 [debug] [MainThread]: Sending event: {'category': 'dbt', 'action': 'invocation', 'label': 'end', 'context': [<snowplow_tracker.self_describing_json.SelfDescribingJson object at 0x105a1a980>, <snowplow_tracker.self_describing_json.SelfDescribingJson object at 0x137aa8fd0>, <snowplow_tracker.self_describing_json.SelfDescribingJson object at 0x137aaaaa0>]}
[0m15:00:26.792838 [debug] [MainThread]: Flushing usage events
